example/build/app/intermediates/manifest_merge_blame_file/debug/manifest-merger-blame-debug-report.txt
1<?xml version="1.0" encoding="utf-8"?>
2<manifest xmlns:android="http://schemas.android.com/apk/res/android"
3    package="com.raven.mobile_pos_example"
4    android:versionCode="1"
5    android:versionName="1.0" >
6
7    <uses-sdk
8        android:minSdkVersion="16"
9        android:targetSdkVersion="33" />
10    <!--
11         The INTERNET permission is required for development. Specifically,
12         the Flutter tool needs it to communicate with the running application
13         to allow setting breakpoints, to provide hot reload, etc.
14    -->
15    <uses-permission android:name="android.permission.INTERNET" />
15-->src/debug/AndroidManifest.xml:7:5-66
15-->src/debug/AndroidManifest.xml:7:22-64
16
17    <application
18        android:name="android.app.Application"
19        android:appComponentFactory="androidx.core.app.CoreComponentFactory"
19-->[androidx.core:core:1.6.0] AndroidManifest.xml:24:18-86
20        android:debuggable="true"
21        android:icon="@mipmap/ic_launcher"
22        android:label="mobile_pos_example"
23        android:testOnly="true" >
24        <activity
25            android:name="com.raven.mobile_pos_example.MainActivity"
26            android:configChanges="orientation|keyboardHidden|keyboard|screenSize|smallestScreenSize|locale|layoutDirection|fontScale|screenLayout|density|uiMode"
27            android:exported="true"
28            android:hardwareAccelerated="true"
29            android:launchMode="singleTop"
30            android:theme="@style/LaunchTheme"
31            android:windowSoftInputMode="adjustResize" >
32
33            <!--
34                 Specifies an Android theme to apply to this Activity as soon as
35                 the Android process has started. This theme is visible to the user
36                 while the Flutter UI initializes. After that, this theme continues
37                 to determine the Window background behind the Flutter UI.
38            -->
39            <meta-data
40                android:name="io.flutter.embedding.android.NormalTheme"
41                android:resource="@style/NormalTheme" />
42
43            <intent-filter>
44                <action android:name="android.intent.action.MAIN" />
45
46                <category android:name="android.intent.category.LAUNCHER" />
47            </intent-filter>
48        </activity>
49        <!--
50             Don't delete the meta-data below.
51             This is used by the Flutter tool to generate GeneratedPluginRegistrant.java
52        -->
53        <meta-data
54            android:name="flutterEmbedding"
55            android:value="2" />
56
57        <uses-library
57-->[androidx.window:window:1.0.0-beta04] AndroidManifest.xml:25:9-27:40
58            android:name="androidx.window.extensions"
58-->[androidx.window:window:1.0.0-beta04] AndroidManifest.xml:26:13-54
59            android:required="false" />
59-->[androidx.window:window:1.0.0-beta04] AndroidManifest.xml:27:13-37
60        <uses-library
60-->[androidx.window:window:1.0.0-beta04] AndroidManifest.xml:28:9-30:40
61            android:name="androidx.window.sidecar"
61-->[androidx.window:window:1.0.0-beta04] AndroidManifest.xml:29:13-51
62            android:required="false" />
62-->[androidx.window:window:1.0.0-beta04] AndroidManifest.xml:30:13-37
63
64        <activity
64-->[com.google.android.gms:play-services-auth:20.4.0] AndroidManifest.xml:23:9-27:75
65            android:name="com.google.android.gms.auth.api.signin.internal.SignInHubActivity"
65-->[com.google.android.gms:play-services-auth:20.4.0] AndroidManifest.xml:24:13-93
66            android:excludeFromRecents="true"
66-->[com.google.android.gms:play-services-auth:20.4.0] AndroidManifest.xml:25:13-46
67            android:exported="false"
67-->[com.google.android.gms:play-services-auth:20.4.0] AndroidManifest.xml:26:13-37
68            android:theme="@android:style/Theme.Translucent.NoTitleBar" />
68-->[com.google.android.gms:play-services-auth:20.4.0] AndroidManifest.xml:27:13-72
69        <!--
70            Service handling Google Sign-In user revocation. For apps that do not integrate with
71            Google Sign-In, this service will never be started.
72        -->
73        <service
73-->[com.google.android.gms:play-services-auth:20.4.0] AndroidManifest.xml:33:9-37:51
74            android:name="com.google.android.gms.auth.api.signin.RevocationBoundService"
74-->[com.google.android.gms:play-services-auth:20.4.0] AndroidManifest.xml:34:13-89
75            android:exported="true"
75-->[com.google.android.gms:play-services-auth:20.4.0] AndroidManifest.xml:35:13-36
76            android:permission="com.google.android.gms.auth.api.signin.permission.REVOCATION_NOTIFICATION"
76-->[com.google.android.gms:play-services-auth:20.4.0] AndroidManifest.xml:36:13-107
77            android:visibleToInstantApps="true" />
77-->[com.google.android.gms:play-services-auth:20.4.0] AndroidManifest.xml:37:13-48
78
79        <activity
79-->[com.google.android.gms:play-services-base:18.0.1] AndroidManifest.xml:20:9-22:45
80            android:name="com.google.android.gms.common.api.GoogleApiActivity"
80-->[com.google.android.gms:play-services-base:18.0.1] AndroidManifest.xml:20:19-85
81            android:exported="false"
81-->[com.google.android.gms:play-services-base:18.0.1] AndroidManifest.xml:22:19-43
82            android:theme="@android:style/Theme.Translucent.NoTitleBar" />
82-->[com.google.android.gms:play-services-base:18.0.1] AndroidManifest.xml:21:19-78
83
84        <meta-data
84-->[com.google.android.gms:play-services-basement:18.1.0] AndroidManifest.xml:21:9-23:69
85            android:name="com.google.android.gms.version"
85-->[com.google.android.gms:play-services-basement:18.1.0] AndroidManifest.xml:22:13-58
86            android:value="@integer/google_play_services_version" />
86-->[com.google.android.gms:play-services-basement:18.1.0] AndroidManifest.xml:23:13-66
87    </application>
88
89</manifest>